TeamViewer_Service.exe
TeamViewer_Desktop.exe
TVCtrl.exe
TVMonitor.exe
TVService.exe
TVWizSvc.exe
TVX64Svc.exe

LogMeIn.exe
LMIGuardianSvc.exe

AnyDesk.exe
AnyDeskService.exe

SRService.exe
SRLogin.exe
SRFeature.exe

g2svc.exe
g2comm.exe
g2tray.exe

Chromoting.Host.exe
Chromoting.DesktopViewer.exe
remoting_host.exe

RemotePC.exe
rpccore.exe

winvnc.exe
vncviewer.exe

rutserv.exe
rutservc.exe
rutservm.exe

LgDevAgt.exe
LgDevHlp.exe

AteraAgentService.exe
AteraAgentTray.exe
AteraAgentWatcher.exe

Pulseway.Service.exe
Pulseway.TrayIcon.exe
Pulseway.Monitoring.Service.exe

WRSA.exe
WRSVC.exe

pcAnywhere.exe
awhost32.exe

AgentMon.exe
VSAWinAgent.exe

g2pre.exe
g2cinst.dll

vncserver.exe
vncviewer.exe

ClientService.exe
HostAppService.exe

support.exe
SupportConsole.exe

bgconfig.exe
bgsecure.exe

RemoteToPC.Agent.exe
RemoteToPC.Tray.exe